<?xml version="1.0" encoding="UTF-8"?>
<!-- Generated by org.testng.reporters.JUnitXMLReporter -->
<testsuite hostname="SC-201512161950" ignored="55" name="PLP" tests="2" failures="0" timestamp="19 Nov 2018 03:55:59 GMT" time="322.497" errors="0">
  <testcase name="checkLetterMianMi" time="149.126" classname="com.plp.testcase.testcase"/>
  <testcase name="checkVIPMianMi" time="138.24" classname="com.plp.testcase.testcase"/>
  <testcase name="checkMyQuestion3" time="0.0" classname="com.plp.testcase.testcase">
    <ignored/>
  </testcase> <!-- checkMyQuestion3 -->
  <testcase name="checkMiGu3" time="0.0" classname="com.plp.testcase.testcase">
    <ignored/>
  </testcase> <!-- checkMiGu3 -->
  <testcase name="checkManSpace3" time="0.0" classname="com.plp.testcase.testcase">
    <ignored/>
  </testcase> <!-- checkManSpace3 -->
  <testcase name="checkManVIP3" time="0.0" classname="com.plp.testcase.testcase">
    <ignored/>
  </testcase> <!-- checkManVIP3 -->
  <testcase name="checkManHelp" time="0.0" classname="com.plp.testcase.testcase">
    <ignored/>
  </testcase> <!-- checkManHelp -->
  <testcase name="checkSeachArea" time="0.0" classname="com.plp.testcase.testcase">
    <ignored/>
  </testcase> <!-- checkSeachArea -->
  <testcase name="checkLetterList3" time="0.0" classname="com.plp.testcase.testcase">
    <ignored/>
  </testcase> <!-- checkLetterList3 -->
  <testcase name="checkLetterList1" time="0.0" classname="com.plp.testcase.testcase">
    <ignored/>
  </testcase> <!-- checkLetterList1 -->
  <testcase name="checkManKeFu" time="0.0" classname="com.plp.testcase.testcase">
    <ignored/>
  </testcase> <!-- checkManKeFu -->
  <testcase name="checkManTuiJian3" time="0.0" classname="com.plp.testcase.testcase">
    <ignored/>
  </testcase> <!-- checkManTuiJian3 -->
  <testcase name="checkManQQ3" time="0.0" classname="com.plp.testcase.testcase">
    <ignored/>
  </testcase> <!-- checkManQQ3 -->
  <testcase name="checkSeachAll" time="0.0" classname="com.plp.testcase.testcase">
    <ignored/>
  </testcase> <!-- checkSeachAll -->
  <testcase name="checkSeachHeight" time="0.0" classname="com.plp.testcase.testcase">
    <ignored/>
  </testcase> <!-- checkSeachHeight -->
  <testcase name="checkManVideo3" time="0.0" classname="com.plp.testcase.testcase">
    <ignored/>
  </testcase> <!-- checkManVideo3 -->
  <testcase name="checkMailboxTab" time="0.0" classname="com.plp.testcase.testcase">
    <ignored/>
  </testcase> <!-- checkMailboxTab -->
  <testcase name="checkMailboxPersonData3" time="0.0" classname="com.plp.testcase.testcase">
    <ignored/>
  </testcase> <!-- checkMailboxPersonData3 -->
  <testcase name="checkManRegiste1" time="0.0" classname="com.plp.testcase.testcase">
    <ignored/>
  </testcase> <!-- checkManRegiste1 -->
  <testcase name="checkManSayHi3" time="0.0" classname="com.plp.testcase.testcase">
    <ignored/>
  </testcase> <!-- checkManSayHi3 -->
  <testcase name="checkMyTag3" time="0.0" classname="com.plp.testcase.testcase">
    <ignored/>
  </testcase> <!-- checkMyTag3 -->
  <testcase name="checkManRegiste3" time="0.0" classname="com.plp.testcase.testcase">
    <ignored/>
  </testcase> <!-- checkManRegiste3 -->
  <testcase name="checkManOnlineStatus3" time="0.0" classname="com.plp.testcase.testcase">
    <ignored/>
  </testcase> <!-- checkManOnlineStatus3 -->
  <testcase name="checkSeachAge" time="0.0" classname="com.plp.testcase.testcase">
    <ignored/>
  </testcase> <!-- checkSeachAge -->
  <testcase name="checkManOnlineStatus1" time="0.0" classname="com.plp.testcase.testcase">
    <ignored/>
  </testcase> <!-- checkManOnlineStatus1 -->
  <testcase name="checkMyCondition3" time="0.0" classname="com.plp.testcase.testcase">
    <ignored/>
  </testcase> <!-- checkMyCondition3 -->
  <testcase name="checkManWechar3" time="0.0" classname="com.plp.testcase.testcase">
    <ignored/>
  </testcase> <!-- checkManWechar3 -->
  <testcase name="checkManSayHi1" time="0.0" classname="com.plp.testcase.testcase">
    <ignored/>
  </testcase> <!-- checkManSayHi1 -->
  <testcase name="checkManRegisteNear3" time="0.0" classname="com.plp.testcase.testcase">
    <ignored/>
  </testcase> <!-- checkManRegisteNear3 -->
  <testcase name="checkUploadPic3" time="0.0" classname="com.plp.testcase.testcase">
    <ignored/>
  </testcase> <!-- checkUploadPic3 -->
  <testcase name="checkMyIntegrity3" time="0.0" classname="com.plp.testcase.testcase">
    <ignored/>
  </testcase> <!-- checkMyIntegrity3 -->
  <testcase name="checkVipList1" time="0.0" classname="com.plp.testcase.testcase">
    <ignored/>
  </testcase> <!-- checkVipList1 -->
  <testcase name="checkManSecurity" time="0.0" classname="com.plp.testcase.testcase">
    <ignored/>
  </testcase> <!-- checkManSecurity -->
  <testcase name="checkProtocal" time="0.0" classname="com.plp.testcase.testcase">
    <ignored/>
  </testcase> <!-- checkProtocal -->
  <testcase name="checkDuiDuiPeng3" time="0.0" classname="com.plp.testcase.testcase">
    <ignored/>
  </testcase> <!-- checkDuiDuiPeng3 -->
  <testcase name="checkMailboxPic3" time="0.0" classname="com.plp.testcase.testcase">
    <ignored/>
  </testcase> <!-- checkMailboxPic3 -->
  <testcase name="checkManBuyBean3" time="0.0" classname="com.plp.testcase.testcase">
    <ignored/>
  </testcase> <!-- checkManBuyBean3 -->
  <testcase name="checkMyPersonData3" time="0.0" classname="com.plp.testcase.testcase">
    <ignored/>
  </testcase> <!-- checkMyPersonData3 -->
  <testcase name="checkManSayHILanjie1" time="0.0" classname="com.plp.testcase.testcase">
    <ignored/>
  </testcase> <!-- checkManSayHILanjie1 -->
  <testcase name="checkManSayHILanjie3" time="0.0" classname="com.plp.testcase.testcase">
    <ignored/>
  </testcase> <!-- checkManSayHILanjie3 -->
  <testcase name="checkManNotread3" time="0.0" classname="com.plp.testcase.testcase">
    <ignored/>
  </testcase> <!-- checkManNotread3 -->
  <testcase name="checkManConversation3" time="0.0" classname="com.plp.testcase.testcase">
    <ignored/>
  </testcase> <!-- checkManConversation3 -->
  <testcase name="checkMailboxNum3" time="0.0" classname="com.plp.testcase.testcase">
    <ignored/>
  </testcase> <!-- checkMailboxNum3 -->
  <testcase name="checkMyVisitor3" time="0.0" classname="com.plp.testcase.testcase">
    <ignored/>
  </testcase> <!-- checkMyVisitor3 -->
  <testcase name="checkSeachHello" time="0.0" classname="com.plp.testcase.testcase">
    <ignored/>
  </testcase> <!-- checkSeachHello -->
  <testcase name="checkBeanList1" time="0.0" classname="com.plp.testcase.testcase">
    <ignored/>
  </testcase> <!-- checkBeanList1 -->
  <testcase name="checkMyIntroduction3" time="0.0" classname="com.plp.testcase.testcase">
    <ignored/>
  </testcase> <!-- checkMyIntroduction3 -->
  <testcase name="checkInitSearch" time="0.0" classname="com.plp.testcase.testcase">
    <ignored/>
  </testcase> <!-- checkInitSearch -->
  <testcase name="checkBeanList3" time="0.0" classname="com.plp.testcase.testcase">
    <ignored/>
  </testcase> <!-- checkBeanList3 -->
  <testcase name="checkManAskbtn3" time="0.0" classname="com.plp.testcase.testcase">
    <ignored/>
  </testcase> <!-- checkManAskbtn3 -->
  <testcase name="checkManCustomCall" time="0.0" classname="com.plp.testcase.testcase">
    <ignored/>
  </testcase> <!-- checkManCustomCall -->
  <testcase name="checkManUpgraded3" time="0.0" classname="com.plp.testcase.testcase">
    <ignored/>
  </testcase> <!-- checkManUpgraded3 -->
  <testcase name="checkManBuyVip3" time="0.0" classname="com.plp.testcase.testcase">
    <ignored/>
  </testcase> <!-- checkManBuyVip3 -->
  <testcase name="checkMailboxZone3" time="0.0" classname="com.plp.testcase.testcase">
    <ignored/>
  </testcase> <!-- checkMailboxZone3 -->
  <testcase name="checkMore3" time="0.0" classname="com.plp.testcase.testcase">
    <ignored/>
  </testcase> <!-- checkMore3 -->
  <testcase name="checkMore1" time="0.0" classname="com.plp.testcase.testcase">
    <ignored/>
  </testcase> <!-- checkMore1 -->
  <testcase name="checkVipList3" time="0.0" classname="com.plp.testcase.testcase">
    <ignored/>
  </testcase> <!-- checkVipList3 -->
</testsuite> <!-- PLP -->
