<?xml version="1.0" encoding="UTF-8"?>
<!-- Generated by org.testng.reporters.JUnitXMLReporter -->
<testsuite hostname="SC-201512161950" ignored="54" name="恋爱神器" tests="1" failures="0" timestamp="31 Oct 2018 07:21:20 GMT" time="276.341" errors="0">
  <testcase name="checkBeanList1" time="239.899" classname="com.lasq.testcase.testcase"/>
  <testcase name="checkManSayHILanjie1" time="0.0" classname="com.lasq.testcase.testcase">
    <ignored/>
  </testcase> <!-- checkManSayHILanjie1 -->
  <testcase name="checkManSayHILanjie3" time="0.0" classname="com.lasq.testcase.testcase">
    <ignored/>
  </testcase> <!-- checkManSayHILanjie3 -->
  <testcase name="checkMailboxNum1" time="0.0" classname="com.lasq.testcase.testcase">
    <ignored/>
  </testcase> <!-- checkMailboxNum1 -->
  <testcase name="checkAskbtn" time="0.0" classname="com.lasq.testcase.testcase">
    <ignored/>
  </testcase> <!-- checkAskbtn -->
  <testcase name="checkManMailboxZone3" time="0.0" classname="com.lasq.testcase.testcase">
    <ignored/>
  </testcase> <!-- checkManMailboxZone3 -->
  <testcase name="checkMailbox" time="0.0" classname="com.lasq.testcase.testcase">
    <ignored/>
  </testcase> <!-- checkMailbox -->
  <testcase name="checkManBuyBean3" time="0.0" classname="com.lasq.testcase.testcase">
    <ignored/>
  </testcase> <!-- checkManBuyBean3 -->
  <testcase name="checkMyIntegrity3" time="0.0" classname="com.lasq.testcase.testcase">
    <ignored/>
  </testcase> <!-- checkMyIntegrity3 -->
  <testcase name="checkManSecurity" time="0.0" classname="com.lasq.testcase.testcase">
    <ignored/>
  </testcase> <!-- checkManSecurity -->
  <testcase name="checkProtocal" time="0.0" classname="com.lasq.testcase.testcase">
    <ignored/>
  </testcase> <!-- checkProtocal -->
  <testcase name="checkVipList1" time="0.0" classname="com.lasq.testcase.testcase">
    <ignored/>
  </testcase> <!-- checkVipList1 -->
  <testcase name="checkSayHi" time="0.0" classname="com.lasq.testcase.testcase">
    <ignored/>
  </testcase> <!-- checkSayHi -->
  <testcase name="checkManCustomCall" time="0.0" classname="com.lasq.testcase.testcase">
    <ignored/>
  </testcase> <!-- checkManCustomCall -->
  <testcase name="checkManMore1" time="0.0" classname="com.lasq.testcase.testcase">
    <ignored/>
  </testcase> <!-- checkManMore1 -->
  <testcase name="checkManNear1" time="0.0" classname="com.lasq.testcase.testcase">
    <ignored/>
  </testcase> <!-- checkManNear1 -->
  <testcase name="checkManMore3" time="0.0" classname="com.lasq.testcase.testcase">
    <ignored/>
  </testcase> <!-- checkManMore3 -->
  <testcase name="checkManBuyVip3" time="0.0" classname="com.lasq.testcase.testcase">
    <ignored/>
  </testcase> <!-- checkManBuyVip3 -->
  <testcase name="checkConversation" time="0.0" classname="com.lasq.testcase.testcase">
    <ignored/>
  </testcase> <!-- checkConversation -->
  <testcase name="checkDuiDuiPeng" time="0.0" classname="com.lasq.testcase.testcase">
    <ignored/>
  </testcase> <!-- checkDuiDuiPeng -->
  <testcase name="checkMyIntroduction3" time="0.0" classname="com.lasq.testcase.testcase">
    <ignored/>
  </testcase> <!-- checkMyIntroduction3 -->
  <testcase name="checkInitSearch" time="0.0" classname="com.lasq.testcase.testcase">
    <ignored/>
  </testcase> <!-- checkInitSearch -->
  <testcase name="checkMyVisitor3" time="0.0" classname="com.lasq.testcase.testcase">
    <ignored/>
  </testcase> <!-- checkMyVisitor3 -->
  <testcase name="checkSeachHello" time="0.0" classname="com.lasq.testcase.testcase">
    <ignored/>
  </testcase> <!-- checkSeachHello -->
  <testcase name="checkManMailboxZonePic3" time="0.0" classname="com.lasq.testcase.testcase">
    <ignored/>
  </testcase> <!-- checkManMailboxZonePic3 -->
  <testcase name="checkManVideo3" time="0.0" classname="com.lasq.testcase.testcase">
    <ignored/>
  </testcase> <!-- checkManVideo3 -->
  <testcase name="checkSeachHeight" time="0.0" classname="com.lasq.testcase.testcase">
    <ignored/>
  </testcase> <!-- checkSeachHeight -->
  <testcase name="checkVIPList" time="0.0" classname="com.lasq.testcase.testcase">
    <ignored/>
  </testcase> <!-- checkVIPList -->
  <testcase name="checkWomenMore3" time="0.0" classname="com.lasq.testcase.testcase">
    <ignored/>
  </testcase> <!-- checkWomenMore3 -->
  <testcase name="checkSeachAll" time="0.0" classname="com.lasq.testcase.testcase">
    <ignored/>
  </testcase> <!-- checkSeachAll -->
  <testcase name="checkVIPMianMi" time="0.0" classname="com.lasq.testcase.testcase">
    <ignored/>
  </testcase> <!-- checkVIPMianMi -->
  <testcase name="checkManKeFu" time="0.0" classname="com.lasq.testcase.testcase">
    <ignored/>
  </testcase> <!-- checkManKeFu -->
  <testcase name="checkSeachArea" time="0.0" classname="com.lasq.testcase.testcase">
    <ignored/>
  </testcase> <!-- checkSeachArea -->
  <testcase name="checkLetterList1" time="0.0" classname="com.lasq.testcase.testcase">
    <ignored/>
  </testcase> <!-- checkLetterList1 -->
  <testcase name="checkManHelp" time="0.0" classname="com.lasq.testcase.testcase">
    <ignored/>
  </testcase> <!-- checkManHelp -->
  <testcase name="checkOnlineStatus" time="0.0" classname="com.lasq.testcase.testcase">
    <ignored/>
  </testcase> <!-- checkOnlineStatus -->
  <testcase name="checkUpgraded" time="0.0" classname="com.lasq.testcase.testcase">
    <ignored/>
  </testcase> <!-- checkUpgraded -->
  <testcase name="checkLetterMianMi" time="0.0" classname="com.lasq.testcase.testcase">
    <ignored/>
  </testcase> <!-- checkLetterMianMi -->
  <testcase name="checkWomenLogin1" time="0.0" classname="com.lasq.testcase.testcase">
    <ignored/>
  </testcase> <!-- checkWomenLogin1 -->
  <testcase name="checkWomenMemberCenter3" time="0.0" classname="com.lasq.testcase.testcase">
    <ignored/>
  </testcase> <!-- checkWomenMemberCenter3 -->
  <testcase name="checkAnswerQuestions1" time="0.0" classname="com.lasq.testcase.testcase">
    <ignored/>
  </testcase> <!-- checkAnswerQuestions1 -->
  <testcase name="checkWomenLogin3" time="0.0" classname="com.lasq.testcase.testcase">
    <ignored/>
  </testcase> <!-- checkWomenLogin3 -->
  <testcase name="checkMailboxPersonData1" time="0.0" classname="com.lasq.testcase.testcase">
    <ignored/>
  </testcase> <!-- checkMailboxPersonData1 -->
  <testcase name="checkManRegisteNear3" time="0.0" classname="com.lasq.testcase.testcase">
    <ignored/>
  </testcase> <!-- checkManRegisteNear3 -->
  <testcase name="checkAnswerQuestions3" time="0.0" classname="com.lasq.testcase.testcase">
    <ignored/>
  </testcase> <!-- checkAnswerQuestions3 -->
  <testcase name="checkWomenAdvertisement3" time="0.0" classname="com.lasq.testcase.testcase">
    <ignored/>
  </testcase> <!-- checkWomenAdvertisement3 -->
  <testcase name="checkMyTag1" time="0.0" classname="com.lasq.testcase.testcase">
    <ignored/>
  </testcase> <!-- checkMyTag1 -->
  <testcase name="checkSeachAge" time="0.0" classname="com.lasq.testcase.testcase">
    <ignored/>
  </testcase> <!-- checkSeachAge -->
  <testcase name="checkManRegiste1" time="0.0" classname="com.lasq.testcase.testcase">
    <ignored/>
  </testcase> <!-- checkManRegiste1 -->
  <testcase name="checkManRegiste3" time="0.0" classname="com.lasq.testcase.testcase">
    <ignored/>
  </testcase> <!-- checkManRegiste3 -->
  <testcase name="checkMyCondition1" time="0.0" classname="com.lasq.testcase.testcase">
    <ignored/>
  </testcase> <!-- checkMyCondition1 -->
  <testcase name="checkManTuijian3" time="0.0" classname="com.lasq.testcase.testcase">
    <ignored/>
  </testcase> <!-- checkManTuijian3 -->
  <testcase name="checkWomanMore3" time="0.0" classname="com.lasq.testcase.testcase">
    <ignored/>
  </testcase> <!-- checkWomanMore3 -->
  <testcase name="checkNotread" time="0.0" classname="com.lasq.testcase.testcase">
    <ignored/>
  </testcase> <!-- checkNotread -->
  <testcase name="checkMyPersonData1" time="0.0" classname="com.lasq.testcase.testcase">
    <ignored/>
  </testcase> <!-- checkMyPersonData1 -->
</testsuite> <!-- 恋爱神器 -->
