<?xml version="1.0" encoding="UTF-8"?>
<!-- Generated by org.testng.reporters.JUnitXMLReporter -->
<testsuite hostname="DESKTOP-106INDP" ignored="71" name="寻缘电话亭" tests="4" failures="2" timestamp="22 Apr 2019 06:21:36 GMT" time="364.674" errors="0">
  <testcase name="checkBean1" time="56.332" classname="com.xydht.testcase.testcase"/>
  <testcase name="checkBeanMianMi3" time="76.928" classname="com.xydht.testcase.testcase">
    <failure type="org.openqa.selenium.TimeoutException" message="Expected condition failed: waiting for element to be clickable: [[Android: null] -&amp;gt; xpath: //android.widget.Button[@content-desc=&amp;quot;同意协议并开通&amp;quot;]] (tried for 8 second(s) with 500 MILLISECONDS interval)">
      <![CDATA[org.openqa.selenium.TimeoutException: Expected condition failed: waiting for element to be clickable: [[Android: null] -> xpath: //android.widget.Button[@content-desc="同意协议并开通"]] (tried for 8 second(s) with 500 MILLISECONDS interval)
	at org.openqa.selenium.support.ui.WebDriverWait.timeoutException(WebDriverWait.java:82)
	at org.openqa.selenium.support.ui.FluentWait.until(FluentWait.java:231)
	at com.hulu.method.ElementsMethod.waitElement(ElementsMethod.java:1086)
	at com.hulu.method.ElementsMethod.zhifuLoginAlipay(ElementsMethod.java:1033)
	at com.hulu.check.publicCheck.judgeBeanMianMi(publicCheck.java:1175)
	at com.xydht.check.XYDHTCheck.beanMianMi(XYDHTCheck.java:1394)
	at com.xydht.testcase.testcase.checkBeanMianMi3(testcase.java:306)
	at java.util.concurrent.FutureTask.run(FutureTask.java:266)
	at java.util.concurrent.ThreadPoolExecutor.runWorker(ThreadPoolExecutor.java:1149)
	at java.util.concurrent.ThreadPoolExecutor$Worker.run(ThreadPoolExecutor.java:624)
	at java.lang.Thread.run(Thread.java:748)
Caused by: org.openqa.selenium.NoSuchElementException: An element could not be located on the page using the given search parameters. (WARNING: The server did not provide any stacktrace information)
Command duration or timeout: 0 milliseconds
For documentation on this error, please visit: http://seleniumhq.org/exceptions/no_such_element.html
Build info: version: '3.14.0', revision: 'aacccce0', time: '2018-08-02T20:19:58.91Z'
System info: host: 'DESKTOP-106INDP', ip: '192.168.119.85', os.name: 'Windows 10', os.arch: 'amd64', os.version: '10.0', java.version: '1.8.0_171'
Driver info: io.appium.java_client.android.AndroidDriver
Capabilities {app: D:\workspace\LBS5.6.1\apps\..., appActivity: com.app.ui.activity.Welcome..., appPackage: com.huizheng.lasq, browserName: Android, databaseEnabled: false, desired: {app: D:\workspace\LBS5.6.1\apps\..., appActivity: com.app.ui.activity.Welcome..., appPackage: com.huizheng.lasq, deviceName: 5TF7N15A17007305, newCommandTimeout: 180, platformName: Android, platformVersion: 6.0.1, resetKeyboard: true, unicodeKeyboard: true}, deviceName: 5TF7N15A17007305, javascriptEnabled: true, locationContextEnabled: false, networkConnectionEnabled: true, newCommandTimeout: 180, platform: LINUX, platformName: LINUX, platformVersion: 6.0.1, resetKeyboard: true, takesScreenshot: true, unicodeKeyboard: true, warnings: {}, webStorageEnabled: false}
Session ID: 405a59e2-772d-4b4f-896e-217e17243fcc
*** Element info: {Using=xpath, value=//android.widget.Button[@content-desc="同意协议并开通"]}
	at org.openqa.selenium.remote.ErrorHandler.createThrowable(ErrorHandler.java:214)
	at org.openqa.selenium.remote.ErrorHandler.throwIfResponseFailed(ErrorHandler.java:166)
	at org.openqa.selenium.remote.http.JsonHttpResponseCodec.reconstructValue(JsonHttpResponseCodec.java:40)
	at org.openqa.selenium.remote.http.AbstractHttpResponseCodec.decode(AbstractHttpResponseCodec.java:80)
	at org.openqa.selenium.remote.http.AbstractHttpResponseCodec.decode(AbstractHttpResponseCodec.java:44)
	at org.openqa.selenium.remote.HttpCommandExecutor.execute(HttpCommandExecutor.java:158)
	at io.appium.java_client.remote.AppiumCommandExecutor.execute(AppiumCommandExecutor.java:89)
	at org.openqa.selenium.remote.RemoteWebDriver.execute(RemoteWebDriver.java:548)
	at io.appium.java_client.DefaultGenericMobileDriver.execute(DefaultGenericMobileDriver.java:42)
	at io.appium.java_client.AppiumDriver.execute(AppiumDriver.java:1)
	at io.appium.java_client.android.AndroidDriver.execute(AndroidDriver.java:1)
	at org.openqa.selenium.remote.RemoteWebDriver.findElement(RemoteWebDriver.java:322)
	at io.appium.java_client.DefaultGenericMobileDriver.findElement(DefaultGenericMobileDriver.java:62)
	at io.appium.java_client.AppiumDriver.findElement(AppiumDriver.java:1)
	at io.appium.java_client.android.AndroidDriver.findElement(AndroidDriver.java:1)
	at org.openqa.selenium.remote.RemoteWebDriver.findElementByXPath(RemoteWebDriver.java:424)
	at io.appium.java_client.DefaultGenericMobileDriver.findElementByXPath(DefaultGenericMobileDriver.java:140)
	at io.appium.java_client.AppiumDriver.findElementByXPath(AppiumDriver.java:1)
	at io.appium.java_client.android.AndroidDriver.findElementByXPath(AndroidDriver.java:1)
	at org.openqa.selenium.By$ByXPath.findElement(By.java:353)
	at org.openqa.selenium.remote.RemoteWebDriver.findElement(RemoteWebDriver.java:314)
	at io.appium.java_client.DefaultGenericMobileDriver.findElement(DefaultGenericMobileDriver.java:58)
	at io.appium.java_client.AppiumDriver.findElement(AppiumDriver.java:1)
	at io.appium.java_client.android.AndroidDriver.findElement(AndroidDriver.java:1)
	at org.openqa.selenium.support.pagefactory.DefaultElementLocator.findElement(DefaultElementLocator.java:69)
	at org.openqa.selenium.support.pagefactory.internal.LocatingElementHandler.invoke(LocatingElementHandler.java:38)
	at com.sun.proxy.$Proxy10.isDisplayed(Unknown Source)
	at org.openqa.selenium.support.ui.ExpectedConditions.elementIfVisible(ExpectedConditions.java:301)
	at org.openqa.selenium.support.ui.ExpectedConditions.access$100(ExpectedConditions.java:43)
	at org.openqa.selenium.support.ui.ExpectedConditions$10.apply(ExpectedConditions.java:287)
	at org.openqa.selenium.support.ui.ExpectedConditions$10.apply(ExpectedConditions.java:284)
	at org.openqa.selenium.support.ui.ExpectedConditions$23.apply(ExpectedConditions.java:672)
	at org.openqa.selenium.support.ui.ExpectedConditions$23.apply(ExpectedConditions.java:668)
	at org.openqa.selenium.support.ui.FluentWait.until(FluentWait.java:208)
	... 25 more
... Removed 20 stack frames]]>
    </failure>
  </testcase> <!-- checkBeanMianMi3 -->
  <testcase name="checkLetterMianMi3" time="95.598" classname="com.xydht.testcase.testcase"/>
  <testcase name="checkVIPMianMi3" time="79.303" classname="com.xydht.testcase.testcase">
    <failure type="java.lang.IndexOutOfBoundsException" message="Index: 1, Size: 0">
      <![CDATA[java.lang.IndexOutOfBoundsException: Index: 1, Size: 0
	at java.util.ArrayList.rangeCheck(ArrayList.java:657)
	at java.util.ArrayList.get(ArrayList.java:433)
	at org.openqa.selenium.support.pagefactory.internal.LocatingElementListHandler.invoke(LocatingElementListHandler.java:39)
	at com.sun.proxy.$Proxy11.get(Unknown Source)
	at com.xydht.check.XYDHTCheck.manLogin(XYDHTCheck.java:170)
	at com.xydht.check.XYDHTCheck.vipMianMi(XYDHTCheck.java:1411)
	at com.xydht.testcase.testcase.checkVIPMianMi3(testcase.java:316)
	at java.util.concurrent.FutureTask.run(FutureTask.java:266)
	at java.util.concurrent.ThreadPoolExecutor.runWorker(ThreadPoolExecutor.java:1149)
	at java.util.concurrent.ThreadPoolExecutor$Worker.run(ThreadPoolExecutor.java:624)
	at java.lang.Thread.run(Thread.java:748)
... Removed 20 stack frames]]>
    </failure>
  </testcase> <!-- checkVIPMianMi3 -->
  <testcase name="checkWomanYuanfenZhuShou3" time="0.0" classname="com.xydht.testcase.testcase">
    <ignored/>
  </testcase> <!-- checkWomanYuanfenZhuShou3 -->
  <testcase name="checkManMailboxZone3" time="0.0" classname="com.xydht.testcase.testcase">
    <ignored/>
  </testcase> <!-- checkManMailboxZone3 -->
  <testcase name="checkManSayHILanjie3" time="0.0" classname="com.xydht.testcase.testcase">
    <ignored/>
  </testcase> <!-- checkManSayHILanjie3 -->
  <testcase name="checkMyPersonData3" time="0.0" classname="com.xydht.testcase.testcase">
    <ignored/>
  </testcase> <!-- checkMyPersonData3 -->
  <testcase name="checkMailboxNum3" time="0.0" classname="com.xydht.testcase.testcase">
    <ignored/>
  </testcase> <!-- checkMailboxNum3 -->
  <testcase name="checkAskbtn" time="0.0" classname="com.xydht.testcase.testcase">
    <ignored/>
  </testcase> <!-- checkAskbtn -->
  <testcase name="checkManSayHILanjie1" time="0.0" classname="com.xydht.testcase.testcase">
    <ignored/>
  </testcase> <!-- checkManSayHILanjie1 -->
  <testcase name="checkManBuyBean3" time="0.0" classname="com.xydht.testcase.testcase">
    <ignored/>
  </testcase> <!-- checkManBuyBean3 -->
  <testcase name="checkMailboxNum1" time="0.0" classname="com.xydht.testcase.testcase">
    <ignored/>
  </testcase> <!-- checkMailboxNum1 -->
  <testcase name="checkProtocolT" time="0.0" classname="com.xydht.testcase.testcase">
    <ignored/>
  </testcase> <!-- checkProtocolT -->
  <testcase name="checkManSecurity" time="0.0" classname="com.xydht.testcase.testcase">
    <ignored/>
  </testcase> <!-- checkManSecurity -->
  <testcase name="checkVipList1" time="0.0" classname="com.xydht.testcase.testcase">
    <ignored/>
  </testcase> <!-- checkVipList1 -->
  <testcase name="checkMailbox1" time="0.0" classname="com.xydht.testcase.testcase">
    <ignored/>
  </testcase> <!-- checkMailbox1 -->
  <testcase name="checkMyIntegrity3" time="0.0" classname="com.xydht.testcase.testcase">
    <ignored/>
  </testcase> <!-- checkMyIntegrity3 -->
  <testcase name="checkSayHi3" time="0.0" classname="com.xydht.testcase.testcase">
    <ignored/>
  </testcase> <!-- checkSayHi3 -->
  <testcase name="checkManNear1" time="0.0" classname="com.xydht.testcase.testcase">
    <ignored/>
  </testcase> <!-- checkManNear1 -->
  <testcase name="checkManMore3" time="0.0" classname="com.xydht.testcase.testcase">
    <ignored/>
  </testcase> <!-- checkManMore3 -->
  <testcase name="checkManCustomCall" time="0.0" classname="com.xydht.testcase.testcase">
    <ignored/>
  </testcase> <!-- checkManCustomCall -->
  <testcase name="checkManBuyVip3" time="0.0" classname="com.xydht.testcase.testcase">
    <ignored/>
  </testcase> <!-- checkManBuyVip3 -->
  <testcase name="checkVipList3" time="0.0" classname="com.xydht.testcase.testcase">
    <ignored/>
  </testcase> <!-- checkVipList3 -->
  <testcase name="checkManNear3" time="0.0" classname="com.xydht.testcase.testcase">
    <ignored/>
  </testcase> <!-- checkManNear3 -->
  <testcase name="checkManMore1" time="0.0" classname="com.xydht.testcase.testcase">
    <ignored/>
  </testcase> <!-- checkManMore1 -->
  <testcase name="checkConversation" time="0.0" classname="com.xydht.testcase.testcase">
    <ignored/>
  </testcase> <!-- checkConversation -->
  <testcase name="checkBeanList1" time="0.0" classname="com.xydht.testcase.testcase">
    <ignored/>
  </testcase> <!-- checkBeanList1 -->
  <testcase name="checkLetter3" time="0.0" classname="com.xydht.testcase.testcase">
    <ignored/>
  </testcase> <!-- checkLetter3 -->
  <testcase name="checkMyVisitor3" time="0.0" classname="com.xydht.testcase.testcase">
    <ignored/>
  </testcase> <!-- checkMyVisitor3 -->
  <testcase name="checkInitSearch" time="0.0" classname="com.xydht.testcase.testcase">
    <ignored/>
  </testcase> <!-- checkInitSearch -->
  <testcase name="checkSayHi1" time="0.0" classname="com.xydht.testcase.testcase">
    <ignored/>
  </testcase> <!-- checkSayHi1 -->
  <testcase name="checkWomenRegiste1" time="0.0" classname="com.xydht.testcase.testcase">
    <ignored/>
  </testcase> <!-- checkWomenRegiste1 -->
  <testcase name="checkLetter1" time="0.0" classname="com.xydht.testcase.testcase">
    <ignored/>
  </testcase> <!-- checkLetter1 -->
  <testcase name="checkWomenRegiste3" time="0.0" classname="com.xydht.testcase.testcase">
    <ignored/>
  </testcase> <!-- checkWomenRegiste3 -->
  <testcase name="checkSeachAll" time="0.0" classname="com.xydht.testcase.testcase">
    <ignored/>
  </testcase> <!-- checkSeachAll -->
  <testcase name="checkConversation3" time="0.0" classname="com.xydht.testcase.testcase">
    <ignored/>
  </testcase> <!-- checkConversation3 -->
  <testcase name="checkWomenMore1" time="0.0" classname="com.xydht.testcase.testcase">
    <ignored/>
  </testcase> <!-- checkWomenMore1 -->
  <testcase name="checkManVideo3" time="0.0" classname="com.xydht.testcase.testcase">
    <ignored/>
  </testcase> <!-- checkManVideo3 -->
  <testcase name="checkWomenNear3" time="0.0" classname="com.xydht.testcase.testcase">
    <ignored/>
  </testcase> <!-- checkWomenNear3 -->
  <testcase name="checkVIPList" time="0.0" classname="com.xydht.testcase.testcase">
    <ignored/>
  </testcase> <!-- checkVIPList -->
  <testcase name="checkSeachHeight" time="0.0" classname="com.xydht.testcase.testcase">
    <ignored/>
  </testcase> <!-- checkSeachHeight -->
  <testcase name="checkManXunYuan1" time="0.0" classname="com.xydht.testcase.testcase">
    <ignored/>
  </testcase> <!-- checkManXunYuan1 -->
  <testcase name="checkBean3" time="0.0" classname="com.xydht.testcase.testcase">
    <ignored/>
  </testcase> <!-- checkBean3 -->
  <testcase name="checkVIPList3" time="0.0" classname="com.xydht.testcase.testcase">
    <ignored/>
  </testcase> <!-- checkVIPList3 -->
  <testcase name="checkBeanList3" time="0.0" classname="com.xydht.testcase.testcase">
    <ignored/>
  </testcase> <!-- checkBeanList3 -->
  <testcase name="checkWomenMore3" time="0.0" classname="com.xydht.testcase.testcase">
    <ignored/>
  </testcase> <!-- checkWomenMore3 -->
  <testcase name="checkWomenNear1" time="0.0" classname="com.xydht.testcase.testcase">
    <ignored/>
  </testcase> <!-- checkWomenNear1 -->
  <testcase name="checkManXunYuan3" time="0.0" classname="com.xydht.testcase.testcase">
    <ignored/>
  </testcase> <!-- checkManXunYuan3 -->
  <testcase name="checkManKeFu" time="0.0" classname="com.xydht.testcase.testcase">
    <ignored/>
  </testcase> <!-- checkManKeFu -->
  <testcase name="checkSeachArea" time="0.0" classname="com.xydht.testcase.testcase">
    <ignored/>
  </testcase> <!-- checkSeachArea -->
  <testcase name="checkLetterList3" time="0.0" classname="com.xydht.testcase.testcase">
    <ignored/>
  </testcase> <!-- checkLetterList3 -->
  <testcase name="checkManHelp" time="0.0" classname="com.xydht.testcase.testcase">
    <ignored/>
  </testcase> <!-- checkManHelp -->
  <testcase name="checkWomenLogin1" time="0.0" classname="com.xydht.testcase.testcase">
    <ignored/>
  </testcase> <!-- checkWomenLogin1 -->
  <testcase name="checkWomenMemberCenter3" time="0.0" classname="com.xydht.testcase.testcase">
    <ignored/>
  </testcase> <!-- checkWomenMemberCenter3 -->
  <testcase name="checkLetterList1" time="0.0" classname="com.xydht.testcase.testcase">
    <ignored/>
  </testcase> <!-- checkLetterList1 -->
  <testcase name="checkUpgraded" time="0.0" classname="com.xydht.testcase.testcase">
    <ignored/>
  </testcase> <!-- checkUpgraded -->
  <testcase name="checkProtocol" time="0.0" classname="com.xydht.testcase.testcase">
    <ignored/>
  </testcase> <!-- checkProtocol -->
  <testcase name="checkManRegisteNear3" time="0.0" classname="com.xydht.testcase.testcase">
    <ignored/>
  </testcase> <!-- checkManRegisteNear3 -->
  <testcase name="checkMailboxPersonData1" time="0.0" classname="com.xydht.testcase.testcase">
    <ignored/>
  </testcase> <!-- checkMailboxPersonData1 -->
  <testcase name="checkWomenLogin3" time="0.0" classname="com.xydht.testcase.testcase">
    <ignored/>
  </testcase> <!-- checkWomenLogin3 -->
  <testcase name="checkManRegiste1" time="0.0" classname="com.xydht.testcase.testcase">
    <ignored/>
  </testcase> <!-- checkManRegiste1 -->
  <testcase name="checkSeachAge" time="0.0" classname="com.xydht.testcase.testcase">
    <ignored/>
  </testcase> <!-- checkSeachAge -->
  <testcase name="checkMyCondition1" time="0.0" classname="com.xydht.testcase.testcase">
    <ignored/>
  </testcase> <!-- checkMyCondition1 -->
  <testcase name="checkMyTag1" time="0.0" classname="com.xydht.testcase.testcase">
    <ignored/>
  </testcase> <!-- checkMyTag1 -->
  <testcase name="checkManRegiste3" time="0.0" classname="com.xydht.testcase.testcase">
    <ignored/>
  </testcase> <!-- checkManRegiste3 -->
  <testcase name="checkWomenSayHi3" time="0.0" classname="com.xydht.testcase.testcase">
    <ignored/>
  </testcase> <!-- checkWomenSayHi3 -->
  <testcase name="checkManSecPic3" time="0.0" classname="com.xydht.testcase.testcase">
    <ignored/>
  </testcase> <!-- checkManSecPic3 -->
  <testcase name="checkMyCondition3" time="0.0" classname="com.xydht.testcase.testcase">
    <ignored/>
  </testcase> <!-- checkMyCondition3 -->
  <testcase name="checkMyTag3" time="0.0" classname="com.xydht.testcase.testcase">
    <ignored/>
  </testcase> <!-- checkMyTag3 -->
  <testcase name="checkManCall3" time="0.0" classname="com.xydht.testcase.testcase">
    <ignored/>
  </testcase> <!-- checkManCall3 -->
  <testcase name="checkVIP3" time="0.0" classname="com.xydht.testcase.testcase">
    <ignored/>
  </testcase> <!-- checkVIP3 -->
  <testcase name="checkVIP1" time="0.0" classname="com.xydht.testcase.testcase">
    <ignored/>
  </testcase> <!-- checkVIP1 -->
  <testcase name="checkMyPersonData1" time="0.0" classname="com.xydht.testcase.testcase">
    <ignored/>
  </testcase> <!-- checkMyPersonData1 -->
  <testcase name="checkNotread" time="0.0" classname="com.xydht.testcase.testcase">
    <ignored/>
  </testcase> <!-- checkNotread -->
</testsuite> <!-- 寻缘电话亭 -->
